2025-12-11 10:09:44,919 - INFO - ================================================================================
2025-12-11 10:09:44,919 - INFO - Starting Session-Based Recommendation Experiments
2025-12-11 10:09:44,919 - INFO - ================================================================================
2025-12-11 10:09:44,919 - INFO - Output directory: outputs/results/20251211_100931
2025-12-11 10:09:44,920 - INFO - Models: ['SPOP']
2025-12-11 10:09:44,920 - INFO - Slices: [1, 2, 3, 4, 5]
2025-12-11 10:09:44,920 - INFO - 
2025-12-11 10:09:44,920 - INFO - Running SPOP on realestate_slice1...
2025-12-11 10:09:44,926 - WARNING - command line args [--models SPOP --slices 1 2 3 4 5 --shared-timestamp 20251211_100931] will not be used in RecBole
2025-12-11 10:10:08,914 - INFO - [1;35m[Training]: [0m[1;36mtrain_batch_size[0m = [1;33m[4096][0m[1;36m train_neg_sample_args[0m: [1;33m[{'distribution': 'none', 'sample_num': 'none', 'alpha': 'none', 'dynamic': False, 'candidate_num': 0}][0m
2025-12-11 10:10:08,914 - INFO - [1;35m[Evaluation]: [0m[1;36meval_batch_size[0m = [1;33m[4096][0m[1;36m eval_args[0m: [1;33m[{'split': {'LS': 'test_only'}, 'order': 'TO', 'group_by': 'user', 'mode': {'valid': 'full', 'test': 'full'}}][0m
2025-12-11 10:10:18,909 - INFO -   GPU Cooling enabled: pause every 10 epochs for 30s
2025-12-11 10:10:18,909 - INFO -   Max temperature threshold: 80°C
2025-12-11 10:10:18,910 - INFO -   Training SPOP...
2025-12-11 10:10:22,033 - INFO - [1;32mepoch 0 training[0m [[1;34mtime[0m: 3.12s, [1;34mtrain loss[0m: 0.0000]
2025-12-11 10:10:22,037 - INFO - [1;34mSaving current[0m: saved/SPOP-Dec-11-2025_10-10-17.pth
2025-12-11 10:10:22,041 - INFO -   Testing SPOP...
2025-12-11 10:10:22,044 - INFO - Loading model structure and parameters from saved/SPOP-Dec-11-2025_10-10-17.pth
2025-12-11 10:12:13,370 - INFO -   Loss history saved: 1 epochs
2025-12-11 10:12:13,370 - INFO -   Results: OrderedDict([('recall@5', 0.8861), ('recall@10', 0.9229), ('recall@20', 0.9293), ('mrr@5', 0.7171), ('mrr@10', 0.7223), ('mrr@20', 0.7228), ('ndcg@5', 0.7597), ('ndcg@10', 0.772), ('ndcg@20', 0.7736), ('hit@5', 0.8861), ('hit@10', 0.9229), ('hit@20', 0.9293)])
2025-12-11 10:12:13,386 - INFO - Progress: 1/5 completed
2025-12-11 10:12:13,386 - INFO - Running SPOP on realestate_slice2...
2025-12-11 10:12:13,391 - WARNING - command line args [--models SPOP --slices 1 2 3 4 5 --shared-timestamp 20251211_100931] will not be used in RecBole
2025-12-11 10:12:33,727 - INFO - [1;35m[Training]: [0m[1;36mtrain_batch_size[0m = [1;33m[4096][0m[1;36m train_neg_sample_args[0m: [1;33m[{'distribution': 'none', 'sample_num': 'none', 'alpha': 'none', 'dynamic': False, 'candidate_num': 0}][0m
2025-12-11 10:12:33,727 - INFO - [1;35m[Evaluation]: [0m[1;36meval_batch_size[0m = [1;33m[4096][0m[1;36m eval_args[0m: [1;33m[{'split': {'LS': 'test_only'}, 'order': 'TO', 'group_by': 'user', 'mode': {'valid': 'full', 'test': 'full'}}][0m
2025-12-11 10:12:35,256 - INFO -   GPU Cooling enabled: pause every 10 epochs for 30s
2025-12-11 10:12:35,257 - INFO -   Max temperature threshold: 80°C
2025-12-11 10:12:35,257 - INFO -   Training SPOP...
2025-12-11 10:12:37,501 - INFO - [1;32mepoch 0 training[0m [[1;34mtime[0m: 2.24s, [1;34mtrain loss[0m: 0.0000]
2025-12-11 10:12:37,503 - INFO - [1;34mSaving current[0m: saved/SPOP-Dec-11-2025_10-12-35.pth
2025-12-11 10:12:37,505 - INFO -   Testing SPOP...
2025-12-11 10:12:37,507 - INFO - Loading model structure and parameters from saved/SPOP-Dec-11-2025_10-12-35.pth
2025-12-11 10:14:01,151 - INFO -   Loss history saved: 1 epochs
2025-12-11 10:14:01,151 - INFO -   Results: OrderedDict([('recall@5', 0.8832), ('recall@10', 0.919), ('recall@20', 0.9256), ('mrr@5', 0.714), ('mrr@10', 0.7191), ('mrr@20', 0.7196), ('ndcg@5', 0.7567), ('ndcg@10', 0.7686), ('ndcg@20', 0.7703), ('hit@5', 0.8832), ('hit@10', 0.919), ('hit@20', 0.9256)])
2025-12-11 10:14:01,164 - INFO - Progress: 2/5 completed
2025-12-11 10:14:01,164 - INFO - Running SPOP on realestate_slice3...
2025-12-11 10:14:01,169 - WARNING - command line args [--models SPOP --slices 1 2 3 4 5 --shared-timestamp 20251211_100931] will not be used in RecBole
2025-12-11 10:14:22,167 - INFO - [1;35m[Training]: [0m[1;36mtrain_batch_size[0m = [1;33m[4096][0m[1;36m train_neg_sample_args[0m: [1;33m[{'distribution': 'none', 'sample_num': 'none', 'alpha': 'none', 'dynamic': False, 'candidate_num': 0}][0m
2025-12-11 10:14:22,168 - INFO - [1;35m[Evaluation]: [0m[1;36meval_batch_size[0m = [1;33m[4096][0m[1;36m eval_args[0m: [1;33m[{'split': {'LS': 'test_only'}, 'order': 'TO', 'group_by': 'user', 'mode': {'valid': 'full', 'test': 'full'}}][0m
2025-12-11 10:14:23,764 - INFO -   GPU Cooling enabled: pause every 10 epochs for 30s
2025-12-11 10:14:23,769 - INFO -   Max temperature threshold: 80°C
2025-12-11 10:14:23,769 - INFO -   Training SPOP...
2025-12-11 10:14:25,935 - INFO - [1;32mepoch 0 training[0m [[1;34mtime[0m: 2.17s, [1;34mtrain loss[0m: 0.0000]
2025-12-11 10:14:25,937 - INFO - [1;34mSaving current[0m: saved/SPOP-Dec-11-2025_10-14-23.pth
2025-12-11 10:14:25,939 - INFO -   Testing SPOP...
2025-12-11 10:14:25,941 - INFO - Loading model structure and parameters from saved/SPOP-Dec-11-2025_10-14-23.pth
