2025-12-11 10:09:38,713 - INFO - ================================================================================
2025-12-11 10:09:38,713 - INFO - Starting Session-Based Recommendation Experiments
2025-12-11 10:09:38,713 - INFO - ================================================================================
2025-12-11 10:09:38,713 - INFO - Output directory: outputs/results/20251211_100931
2025-12-11 10:09:38,713 - INFO - Models: ['POP']
2025-12-11 10:09:38,713 - INFO - Slices: [1, 2, 3, 4, 5]
2025-12-11 10:09:38,713 - INFO - 
2025-12-11 10:09:38,713 - INFO - Running POP on realestate_slice1...
2025-12-11 10:09:38,723 - WARNING - command line args [--models POP --slices 1 2 3 4 5 --shared-timestamp 20251211_100931] will not be used in RecBole
2025-12-11 10:10:00,182 - INFO - [1;35m[Training]: [0m[1;36mtrain_batch_size[0m = [1;33m[4096][0m[1;36m train_neg_sample_args[0m: [1;33m[{'distribution': 'none', 'sample_num': 'none', 'alpha': 'none', 'dynamic': False, 'candidate_num': 0}][0m
2025-12-11 10:10:00,182 - INFO - [1;35m[Evaluation]: [0m[1;36meval_batch_size[0m = [1;33m[4096][0m[1;36m eval_args[0m: [1;33m[{'split': {'LS': 'test_only'}, 'order': 'TO', 'group_by': 'user', 'mode': {'valid': 'full', 'test': 'full'}}][0m
2025-12-11 10:10:07,737 - INFO -   GPU Cooling enabled: pause every 10 epochs for 30s
2025-12-11 10:10:07,737 - INFO -   Max temperature threshold: 80°C
2025-12-11 10:10:07,737 - INFO -   Training POP...
2025-12-11 10:10:17,936 - INFO - [1;32mepoch 0 training[0m [[1;34mtime[0m: 10.20s, [1;34mtrain loss[0m: 0.0000]
2025-12-11 10:10:17,941 - INFO - [1;34mSaving current[0m: saved/POP-Dec-11-2025_10-10-06.pth
2025-12-11 10:10:17,945 - INFO -   Testing POP...
2025-12-11 10:10:17,947 - INFO - Loading model structure and parameters from saved/POP-Dec-11-2025_10-10-06.pth
2025-12-11 10:10:19,624 - INFO -   Loss history saved: 1 epochs
2025-12-11 10:10:19,625 - INFO -   Results: OrderedDict([('recall@5', 0.0151), ('recall@10', 0.027), ('recall@20', 0.0452), ('mrr@5', 0.0079), ('mrr@10', 0.0094), ('mrr@20', 0.0107), ('ndcg@5', 0.0097), ('ndcg@10', 0.0135), ('ndcg@20', 0.018), ('hit@5', 0.0151), ('hit@10', 0.027), ('hit@20', 0.0452)])
2025-12-11 10:10:19,639 - INFO - Progress: 1/5 completed
2025-12-11 10:10:19,639 - INFO - Running POP on realestate_slice2...
2025-12-11 10:10:19,644 - WARNING - command line args [--models POP --slices 1 2 3 4 5 --shared-timestamp 20251211_100931] will not be used in RecBole
2025-12-11 10:10:39,745 - INFO - [1;35m[Training]: [0m[1;36mtrain_batch_size[0m = [1;33m[4096][0m[1;36m train_neg_sample_args[0m: [1;33m[{'distribution': 'none', 'sample_num': 'none', 'alpha': 'none', 'dynamic': False, 'candidate_num': 0}][0m
2025-12-11 10:10:39,745 - INFO - [1;35m[Evaluation]: [0m[1;36meval_batch_size[0m = [1;33m[4096][0m[1;36m eval_args[0m: [1;33m[{'split': {'LS': 'test_only'}, 'order': 'TO', 'group_by': 'user', 'mode': {'valid': 'full', 'test': 'full'}}][0m
2025-12-11 10:10:44,025 - INFO -   GPU Cooling enabled: pause every 10 epochs for 30s
2025-12-11 10:10:44,025 - INFO -   Max temperature threshold: 80°C
2025-12-11 10:10:44,025 - INFO -   Training POP...
2025-12-11 10:10:48,748 - INFO - [1;32mepoch 0 training[0m [[1;34mtime[0m: 4.72s, [1;34mtrain loss[0m: 0.0000]
2025-12-11 10:10:48,750 - INFO - [1;34mSaving current[0m: saved/POP-Dec-11-2025_10-10-44.pth
2025-12-11 10:10:48,752 - INFO -   Testing POP...
2025-12-11 10:10:48,755 - INFO - Loading model structure and parameters from saved/POP-Dec-11-2025_10-10-44.pth
2025-12-11 10:10:50,099 - INFO -   Loss history saved: 1 epochs
2025-12-11 10:10:50,099 - INFO -   Results: OrderedDict([('recall@5', 0.0146), ('recall@10', 0.0255), ('recall@20', 0.0437), ('mrr@5', 0.0074), ('mrr@10', 0.0088), ('mrr@20', 0.01), ('ndcg@5', 0.0092), ('ndcg@10', 0.0126), ('ndcg@20', 0.0172), ('hit@5', 0.0146), ('hit@10', 0.0255), ('hit@20', 0.0437)])
2025-12-11 10:10:50,121 - INFO - Progress: 2/5 completed
2025-12-11 10:10:50,121 - INFO - Running POP on realestate_slice3...
2025-12-11 10:10:50,129 - WARNING - command line args [--models POP --slices 1 2 3 4 5 --shared-timestamp 20251211_100931] will not be used in RecBole
2025-12-11 10:11:11,723 - INFO - [1;35m[Training]: [0m[1;36mtrain_batch_size[0m = [1;33m[4096][0m[1;36m train_neg_sample_args[0m: [1;33m[{'distribution': 'none', 'sample_num': 'none', 'alpha': 'none', 'dynamic': False, 'candidate_num': 0}][0m
2025-12-11 10:11:11,724 - INFO - [1;35m[Evaluation]: [0m[1;36meval_batch_size[0m = [1;33m[4096][0m[1;36m eval_args[0m: [1;33m[{'split': {'LS': 'test_only'}, 'order': 'TO', 'group_by': 'user', 'mode': {'valid': 'full', 'test': 'full'}}][0m
2025-12-11 10:11:13,308 - INFO -   GPU Cooling enabled: pause every 10 epochs for 30s
2025-12-11 10:11:13,308 - INFO -   Max temperature threshold: 80°C
2025-12-11 10:11:13,308 - INFO -   Training POP...
2025-12-11 10:11:16,557 - INFO - [1;32mepoch 0 training[0m [[1;34mtime[0m: 3.25s, [1;34mtrain loss[0m: 0.0000]
2025-12-11 10:11:16,559 - INFO - [1;34mSaving current[0m: saved/POP-Dec-11-2025_10-11-13.pth
2025-12-11 10:11:16,562 - INFO -   Testing POP...
2025-12-11 10:11:16,565 - INFO - Loading model structure and parameters from saved/POP-Dec-11-2025_10-11-13.pth
2025-12-11 10:11:17,848 - INFO -   Loss history saved: 1 epochs
2025-12-11 10:11:17,848 - INFO -   Results: OrderedDict([('recall@5', 0.0131), ('recall@10', 0.0233), ('recall@20', 0.0392), ('mrr@5', 0.0066), ('mrr@10', 0.0079), ('mrr@20', 0.0089), ('ndcg@5', 0.0082), ('ndcg@10', 0.0114), ('ndcg@20', 0.0154), ('hit@5', 0.0131), ('hit@10', 0.0233), ('hit@20', 0.0392)])
2025-12-11 10:11:17,865 - INFO - Progress: 3/5 completed
2025-12-11 10:11:17,865 - INFO - Running POP on realestate_slice4...
2025-12-11 10:11:17,869 - WARNING - command line args [--models POP --slices 1 2 3 4 5 --shared-timestamp 20251211_100931] will not be used in RecBole
2025-12-11 10:11:39,655 - INFO - [1;35m[Training]: [0m[1;36mtrain_batch_size[0m = [1;33m[4096][0m[1;36m train_neg_sample_args[0m: [1;33m[{'distribution': 'none', 'sample_num': 'none', 'alpha': 'none', 'dynamic': False, 'candidate_num': 0}][0m
2025-12-11 10:11:39,655 - INFO - [1;35m[Evaluation]: [0m[1;36meval_batch_size[0m = [1;33m[4096][0m[1;36m eval_args[0m: [1;33m[{'split': {'LS': 'test_only'}, 'order': 'TO', 'group_by': 'user', 'mode': {'valid': 'full', 'test': 'full'}}][0m
2025-12-11 10:11:41,259 - INFO -   GPU Cooling enabled: pause every 10 epochs for 30s
2025-12-11 10:11:41,259 - INFO -   Max temperature threshold: 80°C
2025-12-11 10:11:41,259 - INFO -   Training POP...
2025-12-11 10:11:44,085 - INFO - [1;32mepoch 0 training[0m [[1;34mtime[0m: 2.83s, [1;34mtrain loss[0m: 0.0000]
2025-12-11 10:11:44,087 - INFO - [1;34mSaving current[0m: saved/POP-Dec-11-2025_10-11-41.pth
2025-12-11 10:11:44,089 - INFO -   Testing POP...
2025-12-11 10:11:44,091 - INFO - Loading model structure and parameters from saved/POP-Dec-11-2025_10-11-41.pth
2025-12-11 10:11:45,251 - INFO -   Loss history saved: 1 epochs
2025-12-11 10:11:45,251 - INFO -   Results: OrderedDict([('recall@5', 0.0134), ('recall@10', 0.0236), ('recall@20', 0.0401), ('mrr@5', 0.0068), ('mrr@10', 0.0081), ('mrr@20', 0.0092), ('ndcg@5', 0.0084), ('ndcg@10', 0.0116), ('ndcg@20', 0.0158), ('hit@5', 0.0134), ('hit@10', 0.0236), ('hit@20', 0.0401)])
2025-12-11 10:11:45,266 - INFO - Progress: 4/5 completed
2025-12-11 10:11:45,266 - INFO - Running POP on realestate_slice5...
2025-12-11 10:11:45,270 - WARNING - command line args [--models POP --slices 1 2 3 4 5 --shared-timestamp 20251211_100931] will not be used in RecBole
2025-12-11 10:12:05,508 - INFO - [1;35m[Training]: [0m[1;36mtrain_batch_size[0m = [1;33m[4096][0m[1;36m train_neg_sample_args[0m: [1;33m[{'distribution': 'none', 'sample_num': 'none', 'alpha': 'none', 'dynamic': False, 'candidate_num': 0}][0m
2025-12-11 10:12:05,508 - INFO - [1;35m[Evaluation]: [0m[1;36meval_batch_size[0m = [1;33m[4096][0m[1;36m eval_args[0m: [1;33m[{'split': {'LS': 'test_only'}, 'order': 'TO', 'group_by': 'user', 'mode': {'valid': 'full', 'test': 'full'}}][0m
2025-12-11 10:12:07,240 - INFO -   GPU Cooling enabled: pause every 10 epochs for 30s
2025-12-11 10:12:07,245 - INFO -   Max temperature threshold: 80°C
2025-12-11 10:12:07,245 - INFO -   Training POP...
2025-12-11 10:12:09,970 - INFO - [1;32mepoch 0 training[0m [[1;34mtime[0m: 2.72s, [1;34mtrain loss[0m: 0.0000]
2025-12-11 10:12:09,972 - INFO - [1;34mSaving current[0m: saved/POP-Dec-11-2025_10-12-07.pth
2025-12-11 10:12:09,974 - INFO -   Testing POP...
2025-12-11 10:12:09,976 - INFO - Loading model structure and parameters from saved/POP-Dec-11-2025_10-12-07.pth
2025-12-11 10:12:11,047 - INFO -   Loss history saved: 1 epochs
2025-12-11 10:12:11,047 - INFO -   Results: OrderedDict([('recall@5', 0.0114), ('recall@10', 0.022), ('recall@20', 0.0345), ('mrr@5', 0.0052), ('mrr@10', 0.0066), ('mrr@20', 0.0074), ('ndcg@5', 0.0067), ('ndcg@10', 0.0101), ('ndcg@20', 0.0133), ('hit@5', 0.0114), ('hit@10', 0.022), ('hit@20', 0.0345)])
2025-12-11 10:12:11,061 - INFO - Progress: 5/5 completed
2025-12-11 10:12:11,061 - INFO - 
================================================================================
2025-12-11 10:12:11,061 - INFO - Aggregating results and generating visualizations...
2025-12-11 10:12:11,061 - INFO - ================================================================================
2025-12-11 10:12:15,947 - INFO - 
================================================================================
2025-12-11 10:12:15,947 - INFO - All experiments completed!
2025-12-11 10:12:15,947 - INFO - Results saved to: outputs/results/20251211_100931
2025-12-11 10:12:15,947 - INFO - ================================================================================
