2025-12-11 10:09:41,918 - INFO - ================================================================================
2025-12-11 10:09:41,918 - INFO - Starting Session-Based Recommendation Experiments
2025-12-11 10:09:41,918 - INFO - ================================================================================
2025-12-11 10:09:41,918 - INFO - Output directory: outputs/results/20251211_100931
2025-12-11 10:09:41,918 - INFO - Models: ['RPOP']
2025-12-11 10:09:41,918 - INFO - Slices: [1, 2, 3, 4, 5]
2025-12-11 10:09:41,918 - INFO - 
2025-12-11 10:09:41,918 - INFO - Running RPOP on realestate_slice1...
2025-12-11 10:09:41,923 - WARNING - command line args [--models RPOP --slices 1 2 3 4 5 --shared-timestamp 20251211_100931] will not be used in RecBole
2025-12-11 10:10:04,743 - INFO - [1;35m[Training]: [0m[1;36mtrain_batch_size[0m = [1;33m[4096][0m[1;36m train_neg_sample_args[0m: [1;33m[{'distribution': 'none', 'sample_num': 'none', 'alpha': 'none', 'dynamic': False, 'candidate_num': 0}][0m
2025-12-11 10:10:04,743 - INFO - [1;35m[Evaluation]: [0m[1;36meval_batch_size[0m = [1;33m[4096][0m[1;36m eval_args[0m: [1;33m[{'split': {'LS': 'test_only'}, 'order': 'TO', 'group_by': 'user', 'mode': {'valid': 'full', 'test': 'full'}}][0m
2025-12-11 10:10:10,826 - INFO -   GPU Cooling enabled: pause every 10 epochs for 30s
2025-12-11 10:10:10,826 - INFO -   Max temperature threshold: 80°C
2025-12-11 10:10:10,826 - INFO -   Training RPOP...
2025-12-11 10:10:18,883 - INFO - [1;32mepoch 0 training[0m [[1;34mtime[0m: 8.06s, [1;34mtrain loss[0m: 0.0000]
2025-12-11 10:10:18,888 - INFO - [1;34mSaving current[0m: saved/RPOP-Dec-11-2025_10-10-09.pth
2025-12-11 10:10:18,892 - INFO -   Testing RPOP...
2025-12-11 10:10:18,894 - INFO - Loading model structure and parameters from saved/RPOP-Dec-11-2025_10-10-09.pth
2025-12-11 10:13:51,133 - INFO -   Loss history saved: 1 epochs
2025-12-11 10:13:51,133 - INFO -   Results: OrderedDict([('recall@5', 0.0229), ('recall@10', 0.0375), ('recall@20', 0.0618), ('mrr@5', 0.0116), ('mrr@10', 0.0135), ('mrr@20', 0.0152), ('ndcg@5', 0.0144), ('ndcg@10', 0.0191), ('ndcg@20', 0.0252), ('hit@5', 0.0229), ('hit@10', 0.0375), ('hit@20', 0.0618)])
2025-12-11 10:13:51,148 - INFO - Progress: 1/5 completed
2025-12-11 10:13:51,149 - INFO - Running RPOP on realestate_slice2...
2025-12-11 10:13:51,153 - WARNING - command line args [--models RPOP --slices 1 2 3 4 5 --shared-timestamp 20251211_100931] will not be used in RecBole
2025-12-11 10:14:10,071 - INFO - [1;35m[Training]: [0m[1;36mtrain_batch_size[0m = [1;33m[4096][0m[1;36m train_neg_sample_args[0m: [1;33m[{'distribution': 'none', 'sample_num': 'none', 'alpha': 'none', 'dynamic': False, 'candidate_num': 0}][0m
2025-12-11 10:14:10,071 - INFO - [1;35m[Evaluation]: [0m[1;36meval_batch_size[0m = [1;33m[4096][0m[1;36m eval_args[0m: [1;33m[{'split': {'LS': 'test_only'}, 'order': 'TO', 'group_by': 'user', 'mode': {'valid': 'full', 'test': 'full'}}][0m
2025-12-11 10:14:11,378 - INFO -   GPU Cooling enabled: pause every 10 epochs for 30s
2025-12-11 10:14:11,378 - INFO -   Max temperature threshold: 80°C
2025-12-11 10:14:11,378 - INFO -   Training RPOP...
2025-12-11 10:14:13,425 - INFO - [1;32mepoch 0 training[0m [[1;34mtime[0m: 2.05s, [1;34mtrain loss[0m: 0.0000]
2025-12-11 10:14:13,428 - INFO - [1;34mSaving current[0m: saved/RPOP-Dec-11-2025_10-14-11.pth
2025-12-11 10:14:13,430 - INFO -   Testing RPOP...
2025-12-11 10:14:13,432 - INFO - Loading model structure and parameters from saved/RPOP-Dec-11-2025_10-14-11.pth
